[debug] [2022-08-21T09:58:34.002Z] ----------------------------------------------------------------------
[debug] [2022-08-21T09:58:34.005Z] Command:       C:\Program Files\nodejs\node.exe C:\Users\Henok\AppData\Roaming\npm\node_modules\firebase-tools\lib\bin\firebase.js init
[debug] [2022-08-21T09:58:34.005Z] CLI Version:   11.2.0
[debug] [2022-08-21T09:58:34.005Z] Platform:      win32
[debug] [2022-08-21T09:58:34.006Z] Node Version:  v16.15.1
[debug] [2022-08-21T09:58:34.012Z] Time:          Sun Aug 21 2022 12:58:34 GMT+0300 (East Africa Time)
[debug] [2022-08-21T09:58:34.012Z] ----------------------------------------------------------------------
[debug] 
[debug] [2022-08-21T09:58:34.016Z] >>> [apiv2][query] GET https://firebase-public.firebaseio.com/cli.json [none]
[debug] [2022-08-21T09:58:34.108Z] > command requires scopes: ["email","openid","https://www.googleapis.com/auth/cloudplatformprojects.readonly","https://www.googleapis.com/auth/firebase","https://www.googleapis.com/auth/cloud-platform"]
[debug] [2022-08-21T09:58:34.108Z] > authorizing via signed-in user (henokb2124@gmail.com)
[info] 
     ######## #### ########  ######## ########     ###     ######  ########
     ##        ##  ##     ## ##       ##     ##  ##   ##  ##       ##
     ######    ##  ########  ######   ########  #########  ######  ######
     ##        ##  ##    ##  ##       ##     ## ##     ##       ## ##
     ##       #### ##     ## ######## ########  ##     ##  ######  ########

You're about to initialize a Firebase project in this directory:

  C:\Users\Henok\Documents\aug 16\wonder\react-firebase-chat

Before we get started, keep in mind:

  * You are initializing within an existing Firebase project directory

[debug] [2022-08-21T09:58:36.573Z] <<< [apiv2][status] GET https://firebase-public.firebaseio.com/cli.json 200
[debug] [2022-08-21T09:58:36.573Z] <<< [apiv2][body] GET https://firebase-public.firebaseio.com/cli.json {"cloudBuildErrorAfter":1594252800000,"cloudBuildWarnAfter":1590019200000,"defaultNode10After":1594252800000,"minVersion":"3.0.5","node8DeploysDisabledAfter":1613390400000,"node8RuntimeDisabledAfter":1615809600000,"node8WarnAfter":1600128000000}
[info] 
=== Project Setup
[info] 
[info] First, let's associate this project directory with a Firebase project.
[info] You can create multiple project aliases by running firebase use --add, 
[info] but for now we'll just set up a default project.
[info] 
[debug] [2022-08-21T09:59:23.297Z] Using project from CLI flag: fireship-demos
[debug] [2022-08-21T09:59:23.298Z] > refreshing access token with scopes: []
[debug] [2022-08-21T09:59:23.299Z] >>> [apiv2][query] POST https://www.googleapis.com/oauth2/v3/token [none]
[debug] [2022-08-21T09:59:23.299Z] >>> [apiv2][body] POST https://www.googleapis.com/oauth2/v3/token [omitted]
[debug] [2022-08-21T09:59:25.503Z] <<< [apiv2][status] POST https://www.googleapis.com/oauth2/v3/token 200
[debug] [2022-08-21T09:59:25.503Z] <<< [apiv2][body] POST https://www.googleapis.com/oauth2/v3/token [omitted]
[debug] [2022-08-21T09:59:25.512Z] >>> [apiv2][query] GET https://firebase.googleapis.com/v1beta1/projects/fireship-demos [none]
[debug] [2022-08-21T09:59:27.080Z] <<< [apiv2][status] GET https://firebase.googleapis.com/v1beta1/projects/fireship-demos 403
[debug] [2022-08-21T09:59:27.081Z] <<< [apiv2][body] GET https://firebase.googleapis.com/v1beta1/projects/fireship-demos {"error":{"code":403,"message":"The caller does not have permission","status":"PERMISSION_DENIED"}}
[debug] [2022-08-21T09:59:27.081Z] HTTP Error: 403, The caller does not have permission
[debug] [2022-08-21T09:59:29.734Z] FirebaseError: HTTP Error: 403, The caller does not have permission
    at responseToError (C:\Users\Henok\AppData\Roaming\npm\node_modules\firebase-tools\lib\responseToError.js:49:12)
    at RetryOperation._fn (C:\Users\Henok\AppData\Roaming\npm\node_modules\firebase-tools\lib\apiv2.js:287:77)
    at processTicksAndRejections (node:internal/process/task_queues:96:5)
[error] 
[error] Error: Failed to get Firebase project fireship-demos. Please make sure the project exists and your account has permission to access it.
